<?xml version="1.0" encoding="UTF-8"?>
<testng-results skipped="0" failed="0" ignored="0" total="2" passed="2">
  <reporter-output>
  </reporter-output>
  <suite name="Default suite" duration-ms="115395" started-at="2020-04-30T06:39:30Z" finished-at="2020-04-30T06:41:25Z">
    <groups>
    </groups>
    <test name="Default test" duration-ms="115395" started-at="2020-04-30T06:39:30Z" finished-at="2020-04-30T06:41:25Z">
      <class name="com.datadriven.test.DataDrivenTest">
        <test-method status="PASS" signature="setUp()[pri:0, instance:com.datadriven.test.DataDrivenTest@7d9d1a19]" name="setUp" is-config="true" duration-ms="21508" started-at="2020-04-30T12:09:30Z" finished-at="2020-04-30T12:09:52Z">
          <reporter-output>
          </reporter-output>
        </test-method> <!-- setUp -->
        <test-method status="PASS" signature="registration()[pri:1, instance:com.datadriven.test.DataDrivenTest@7d9d1a19]" name="registration" duration-ms="81194" started-at="2020-04-30T12:09:52Z" finished-at="2020-04-30T12:11:13Z">
          <reporter-output>
          </reporter-output>
        </test-method> <!-- registration -->
        <test-method status="PASS" signature="signIn()[pri:2, instance:com.datadriven.test.DataDrivenTest@7d9d1a19]" name="signIn" duration-ms="12327" started-at="2020-04-30T12:11:13Z" finished-at="2020-04-30T12:11:25Z">
          <reporter-output>
          </reporter-output>
        </test-method> <!-- signIn -->
        <test-method status="PASS" signature="tearDown()[pri:0, instance:com.datadriven.test.DataDrivenTest@7d9d1a19]" name="tearDown" is-config="true" duration-ms="311" started-at="2020-04-30T12:11:25Z" finished-at="2020-04-30T12:11:25Z">
          <reporter-output>
          </reporter-output>
        </test-method> <!-- tearDown -->
      </class> <!-- com.datadriven.test.DataDrivenTest -->
    </test> <!-- Default test -->
  </suite> <!-- Default suite -->
</testng-results>
